<?xml version="1.0" encoding="UTF-8"?>
<!-- Generated by org.testng.reporters.JUnitReportReporter -->
<testsuite skipped="0" hostname="LAPTOP-F7RL5C13" name="com.vtiger.testcases.TC003_Test" tests="2" failures="0" timestamp="2022-03-11T17:41:51 IST" time="34.630" errors="0">
  <testcase name="create_cont" time="26.759" classname="com.vtiger.testcases.TC003_Test"/>
  <system-out/>
  <testcase name="create_cont_withoutdata" time="7.871" classname="com.vtiger.testcases.TC003_Test"/>
  <system-out/>
</testsuite> <!-- com.vtiger.testcases.TC003_Test -->
