<?xml version="1.0" encoding="UTF-8"?>
<!-- Generated by org.testng.reporters.JUnitReportReporter -->
<testsuite skipped="0" hostname="LAPTOP-F7RL5C13" name="com.vtiger.testcases.TC002_Test" tests="2" failures="0" timestamp="2022-03-11T17:41:51 IST" time="28.891" errors="0">
  <testcase name="create_org_Test" time="18.601" classname="com.vtiger.testcases.TC002_Test"/>
  <system-out/>
  <testcase name="create_empty_org_Test" time="10.290" classname="com.vtiger.testcases.TC002_Test"/>
  <system-out/>
</testsuite> <!-- com.vtiger.testcases.TC002_Test -->
